<?xml version="1.0" encoding="UTF-8"?>
<!-- Generated by org.testng.reporters.JUnitXMLReporter -->
<testsuite ignored="0" hostname="DESKTOP-RODG84K" failures="0" tests="10" name="Wordpress MyProfile Test Cases" time="108.571" errors="0" timestamp="11 May 2021 12:43:40 GMT">
  <testcase classname="com.aweber.qa.tests.MyProfilePageTest" name="myProfilePhotoTest" time="2.059"/>
  <testcase classname="com.aweber.qa.tests.MyProfilePageTest" name="validateProfileUserName" time="1.931"/>
  <testcase classname="com.aweber.qa.tests.MyProfilePageTest" name="validateProfileHeaderLabel" time="1.983"/>
  <testcase classname="com.aweber.qa.tests.MyProfilePageTest" name="validateDisplayNameLabel" time="2.036"/>
  <testcase classname="com.aweber.qa.tests.MyProfilePageTest" name="validatePublicDisplayName" time="0.062"/>
  <testcase classname="com.aweber.qa.tests.MyProfilePageTest" name="saveProfileDetailsTest" time="3.734"/>
  <testcase classname="com.aweber.qa.tests.MyProfilePageTest" name="addUrlButtonTest" time="3.347"/>
  <testcase classname="com.aweber.qa.tests.MyProfilePageTest" name="addUrlButtonTest" time="3.862"/>
  <testcase classname="com.aweber.qa.tests.MyProfilePageTest" name="addUrlButtonTest" time="3.626"/>
  <testcase classname="com.aweber.qa.tests.MyProfilePageTest" name="logOutTest" time="2.088"/>
</testsuite> <!-- Wordpress MyProfile Test Cases -->
