<?xml version="1.0" encoding="UTF-8"?>
<testng-results ignored="0" total="10" passed="10" failed="0" skipped="0">
  <reporter-output>
  </reporter-output>
  <suite started-at="2021-05-11T12:41:52Z" name="WordPress Application Automation Test Suite" finished-at="2021-05-11T12:43:40Z" duration-ms="108571">
    <groups>
    </groups>
    <test started-at="2021-05-11T12:41:52Z" name="Wordpress MyProfile Test Cases" finished-at="2021-05-11T12:43:40Z" duration-ms="108571">
      <class name="com.aweber.qa.tests.MyProfilePageTest">
        <test-method is-config="true" signature="setUp()[pri:0, instance:com.aweber.qa.tests.MyProfilePageTest@2df3b89c]" started-at="2021-05-11T08:41:52Z" name="setUp" finished-at="2021-05-11T08:42:00Z" duration-ms="8098" status="PASS">
          <reporter-output>
          </reporter-output>
        </test-method> <!-- setUp -->
        <test-method signature="myProfilePhotoTest()[pri:1, instance:com.aweber.qa.tests.MyProfilePageTest@2df3b89c]" started-at="2021-05-11T08:42:00Z" name="myProfilePhotoTest" finished-at="2021-05-11T08:42:02Z" duration-ms="2059" status="PASS">
          <reporter-output>
          </reporter-output>
        </test-method> <!-- myProfilePhotoTest -->
        <test-method is-config="true" signature="tearDown()[pri:0, instance:com.aweber.qa.tests.MyProfilePageTest@2df3b89c]" started-at="2021-05-11T08:42:02Z" name="tearDown" finished-at="2021-05-11T08:42:03Z" duration-ms="1076" status="PASS">
          <reporter-output>
          </reporter-output>
        </test-method> <!-- tearDown -->
        <test-method is-config="true" signature="setUp()[pri:0, instance:com.aweber.qa.tests.MyProfilePageTest@2df3b89c]" started-at="2021-05-11T08:42:03Z" name="setUp" finished-at="2021-05-11T08:42:11Z" duration-ms="7990" status="PASS">
          <reporter-output>
          </reporter-output>
        </test-method> <!-- setUp -->
        <test-method signature="validateProfileUserName()[pri:2, instance:com.aweber.qa.tests.MyProfilePageTest@2df3b89c]" started-at="2021-05-11T08:42:11Z" name="validateProfileUserName" finished-at="2021-05-11T08:42:13Z" duration-ms="1931" status="PASS">
          <reporter-output>
          </reporter-output>
        </test-method> <!-- validateProfileUserName -->
        <test-method is-config="true" signature="tearDown()[pri:0, instance:com.aweber.qa.tests.MyProfilePageTest@2df3b89c]" started-at="2021-05-11T08:42:13Z" name="tearDown" finished-at="2021-05-11T08:42:14Z" duration-ms="1356" status="PASS">
          <reporter-output>
          </reporter-output>
        </test-method> <!-- tearDown -->
        <test-method is-config="true" signature="setUp()[pri:0, instance:com.aweber.qa.tests.MyProfilePageTest@2df3b89c]" started-at="2021-05-11T08:42:14Z" name="setUp" finished-at="2021-05-11T08:42:22Z" duration-ms="7459" status="PASS">
          <reporter-output>
          </reporter-output>
        </test-method> <!-- setUp -->
        <test-method signature="validateProfileHeaderLabel()[pri:3, instance:com.aweber.qa.tests.MyProfilePageTest@2df3b89c]" started-at="2021-05-11T08:42:22Z" name="validateProfileHeaderLabel" finished-at="2021-05-11T08:42:24Z" duration-ms="1983" status="PASS">
          <reporter-output>
          </reporter-output>
        </test-method> <!-- validateProfileHeaderLabel -->
        <test-method is-config="true" signature="tearDown()[pri:0, instance:com.aweber.qa.tests.MyProfilePageTest@2df3b89c]" started-at="2021-05-11T08:42:24Z" name="tearDown" finished-at="2021-05-11T08:42:25Z" duration-ms="1322" status="PASS">
          <reporter-output>
          </reporter-output>
        </test-method> <!-- tearDown -->
        <test-method is-config="true" signature="setUp()[pri:0, instance:com.aweber.qa.tests.MyProfilePageTest@2df3b89c]" started-at="2021-05-11T08:42:25Z" name="setUp" finished-at="2021-05-11T08:42:31Z" duration-ms="6365" status="PASS">
          <reporter-output>
          </reporter-output>
        </test-method> <!-- setUp -->
        <test-method signature="validateDisplayNameLabel()[pri:4, instance:com.aweber.qa.tests.MyProfilePageTest@2df3b89c]" started-at="2021-05-11T08:42:31Z" name="validateDisplayNameLabel" finished-at="2021-05-11T08:42:33Z" duration-ms="2036" status="PASS">
          <reporter-output>
          </reporter-output>
        </test-method> <!-- validateDisplayNameLabel -->
        <test-method is-config="true" signature="tearDown()[pri:0, instance:com.aweber.qa.tests.MyProfilePageTest@2df3b89c]" started-at="2021-05-11T08:42:33Z" name="tearDown" finished-at="2021-05-11T08:42:34Z" duration-ms="904" status="PASS">
          <reporter-output>
          </reporter-output>
        </test-method> <!-- tearDown -->
        <test-method is-config="true" signature="setUp()[pri:0, instance:com.aweber.qa.tests.MyProfilePageTest@2df3b89c]" started-at="2021-05-11T08:42:34Z" name="setUp" finished-at="2021-05-11T08:42:42Z" duration-ms="7689" status="PASS">
          <reporter-output>
          </reporter-output>
        </test-method> <!-- setUp -->
        <test-method signature="validatePublicDisplayName()[pri:5, instance:com.aweber.qa.tests.MyProfilePageTest@2df3b89c]" started-at="2021-05-11T08:42:42Z" name="validatePublicDisplayName" finished-at="2021-05-11T08:42:42Z" duration-ms="62" status="PASS">
          <reporter-output>
          </reporter-output>
        </test-method> <!-- validatePublicDisplayName -->
        <test-method is-config="true" signature="tearDown()[pri:0, instance:com.aweber.qa.tests.MyProfilePageTest@2df3b89c]" started-at="2021-05-11T08:42:42Z" name="tearDown" finished-at="2021-05-11T08:42:43Z" duration-ms="816" status="PASS">
          <reporter-output>
          </reporter-output>
        </test-method> <!-- tearDown -->
        <test-method is-config="true" signature="setUp()[pri:0, instance:com.aweber.qa.tests.MyProfilePageTest@2df3b89c]" started-at="2021-05-11T08:42:44Z" name="setUp" finished-at="2021-05-11T08:42:51Z" duration-ms="7037" status="PASS">
          <reporter-output>
          </reporter-output>
        </test-method> <!-- setUp -->
        <test-method signature="saveProfileDetailsTest(java.lang.String, java.lang.String, java.lang.String)[pri:6, instance:com.aweber.qa.tests.MyProfilePageTest@2df3b89c]" started-at="2021-05-11T08:42:51Z" name="saveProfileDetailsTest" data-provider="getSaveProfileData" finished-at="2021-05-11T08:42:55Z" duration-ms="3734" status="PASS">
          <params>
            <param index="0">
              <value>
                <![CDATA[userFirstName]]>
              </value>
            </param>
            <param index="1">
              <value>
                <![CDATA[userLastName]]>
              </value>
            </param>
            <param index="2">
              <value>
                <![CDATA[Just describe about me]]>
              </value>
            </param>
          </params>
          <reporter-output>
          </reporter-output>
        </test-method> <!-- saveProfileDetailsTest -->
        <test-method is-config="true" signature="tearDown()[pri:0, instance:com.aweber.qa.tests.MyProfilePageTest@2df3b89c]" started-at="2021-05-11T08:42:55Z" name="tearDown" finished-at="2021-05-11T08:42:56Z" duration-ms="924" status="PASS">
          <reporter-output>
          </reporter-output>
        </test-method> <!-- tearDown -->
        <test-method is-config="true" signature="setUp()[pri:0, instance:com.aweber.qa.tests.MyProfilePageTest@2df3b89c]" started-at="2021-05-11T08:42:56Z" name="setUp" finished-at="2021-05-11T08:43:03Z" duration-ms="7352" status="PASS">
          <reporter-output>
          </reporter-output>
        </test-method> <!-- setUp -->
        <test-method signature="addUrlButtonTest(java.lang.String, java.lang.String)[pri:7, instance:com.aweber.qa.tests.MyProfilePageTest@2df3b89c]" started-at="2021-05-11T08:43:03Z" name="addUrlButtonTest" data-provider="getAddUrlData" finished-at="2021-05-11T08:43:06Z" duration-ms="3347" status="PASS">
          <params>
            <param index="0">
              <value>
                <![CDATA[http://www.google.com]]>
              </value>
            </param>
            <param index="1">
              <value>
                <![CDATA[Google Link]]>
              </value>
            </param>
          </params>
          <reporter-output>
          </reporter-output>
        </test-method> <!-- addUrlButtonTest -->
        <test-method is-config="true" signature="tearDown()[pri:0, instance:com.aweber.qa.tests.MyProfilePageTest@2df3b89c]" started-at="2021-05-11T08:43:06Z" name="tearDown" finished-at="2021-05-11T08:43:07Z" duration-ms="945" status="PASS">
          <reporter-output>
          </reporter-output>
        </test-method> <!-- tearDown -->
        <test-method is-config="true" signature="setUp()[pri:0, instance:com.aweber.qa.tests.MyProfilePageTest@2df3b89c]" started-at="2021-05-11T08:43:07Z" name="setUp" finished-at="2021-05-11T08:43:14Z" duration-ms="6606" status="PASS">
          <reporter-output>
          </reporter-output>
        </test-method> <!-- setUp -->
        <test-method signature="addUrlButtonTest(java.lang.String, java.lang.String)[pri:7, instance:com.aweber.qa.tests.MyProfilePageTest@2df3b89c]" started-at="2021-05-11T08:43:14Z" name="addUrlButtonTest" data-provider="getAddUrlData" finished-at="2021-05-11T08:43:18Z" duration-ms="3862" status="PASS">
          <params>
            <param index="0">
              <value>
                <![CDATA[http://www.yahoo.com]]>
              </value>
            </param>
            <param index="1">
              <value>
                <![CDATA[Yahoo]]>
              </value>
            </param>
          </params>
          <reporter-output>
          </reporter-output>
        </test-method> <!-- addUrlButtonTest -->
        <test-method is-config="true" signature="tearDown()[pri:0, instance:com.aweber.qa.tests.MyProfilePageTest@2df3b89c]" started-at="2021-05-11T08:43:18Z" name="tearDown" finished-at="2021-05-11T08:43:19Z" duration-ms="981" status="PASS">
          <reporter-output>
          </reporter-output>
        </test-method> <!-- tearDown -->
        <test-method is-config="true" signature="setUp()[pri:0, instance:com.aweber.qa.tests.MyProfilePageTest@2df3b89c]" started-at="2021-05-11T08:43:19Z" name="setUp" finished-at="2021-05-11T08:43:25Z" duration-ms="6620" status="PASS">
          <reporter-output>
          </reporter-output>
        </test-method> <!-- setUp -->
        <test-method signature="addUrlButtonTest(java.lang.String, java.lang.String)[pri:7, instance:com.aweber.qa.tests.MyProfilePageTest@2df3b89c]" started-at="2021-05-11T08:43:25Z" name="addUrlButtonTest" data-provider="getAddUrlData" finished-at="2021-05-11T08:43:29Z" duration-ms="3626" status="PASS">
          <params>
            <param index="0">
              <value>
                <![CDATA[www.facebook.com]]>
              </value>
            </param>
            <param index="1">
              <value>
                <![CDATA[Facebook]]>
              </value>
            </param>
          </params>
          <reporter-output>
          </reporter-output>
        </test-method> <!-- addUrlButtonTest -->
        <test-method is-config="true" signature="tearDown()[pri:0, instance:com.aweber.qa.tests.MyProfilePageTest@2df3b89c]" started-at="2021-05-11T08:43:29Z" name="tearDown" finished-at="2021-05-11T08:43:30Z" duration-ms="1007" status="PASS">
          <reporter-output>
          </reporter-output>
        </test-method> <!-- tearDown -->
        <test-method is-config="true" signature="setUp()[pri:0, instance:com.aweber.qa.tests.MyProfilePageTest@2df3b89c]" started-at="2021-05-11T08:43:30Z" name="setUp" finished-at="2021-05-11T08:43:37Z" duration-ms="6938" status="PASS">
          <reporter-output>
          </reporter-output>
        </test-method> <!-- setUp -->
        <test-method signature="logOutTest()[pri:8, instance:com.aweber.qa.tests.MyProfilePageTest@2df3b89c]" started-at="2021-05-11T08:43:37Z" name="logOutTest" finished-at="2021-05-11T08:43:39Z" duration-ms="2088" status="PASS">
          <reporter-output>
          </reporter-output>
        </test-method> <!-- logOutTest -->
        <test-method is-config="true" signature="tearDown()[pri:0, instance:com.aweber.qa.tests.MyProfilePageTest@2df3b89c]" started-at="2021-05-11T08:43:39Z" name="tearDown" finished-at="2021-05-11T08:43:40Z" duration-ms="1197" status="PASS">
          <reporter-output>
          </reporter-output>
        </test-method> <!-- tearDown -->
      </class> <!-- com.aweber.qa.tests.MyProfilePageTest -->
    </test> <!-- Wordpress MyProfile Test Cases -->
  </suite> <!-- WordPress Application Automation Test Suite -->
</testng-results>
